2024-10-29T00:54:42.851Z [NODE_PROJECT] info: Hello world!
2024-10-29T00:56:26.139Z [NODE_PROJECT] info: ### AUTODOORA[500] ###
2024-10-29T00:56:26.140Z [NODE_PROJECT] info: resModel :: {"success":false,"message":"Error: Requested entity was not found.","value":"c-cDz1FcLUTFoko6HogTTI:APA91bFkmZVii1Dl9F79PDG4J76Mkm7Z7F-6u_2fzCsf570fhp_uAdlkClue-mAxhL_GkvadAo_ym9YR9Yb8SPhlyhfnr06JD2XTEx3u8XXxIbu3ln_dcBVStY-pVVADea0gR6RdZNW3"}
2024-10-29T00:56:26.140Z [NODE_PROJECT] info: ######################
2024-10-29T00:56:26.140Z [NODE_PROJECT] info: 
2024-10-29T00:56:56.585Z [NODE_PROJECT] info: ### AUTODOORA[200] ###
2024-10-29T00:56:56.586Z [NODE_PROJECT] info: resModel :: {"success":true,"message":"projects/autodoora/messages/1730163416256353","value":"eDLF1_YqCkv7uFMuij36Cx:APA91bFOIxV2S6IgC_iVdLabQvLhimWuXtPBcNhFMz-E1mYlm6rTSODIGw-mNjk4-oWPbCYZeYj__por_D8zaqzrPLVnWXSH1zvyH8C30PSjhSIuH6Fq7i0"}
2024-10-29T00:56:56.586Z [NODE_PROJECT] info: ######################
2024-10-29T00:56:56.586Z [NODE_PROJECT] info: 
2024-10-29T00:58:02.329Z [NODE_PROJECT] info: ### AUTODOORA[200] ###
2024-10-29T00:58:02.336Z [NODE_PROJECT] info: resModel :: {"success":true,"message":"projects/autodoora/messages/1730163482161601","value":"eDLF1_YqCkv7uFMuij36Cx:APA91bFOIxV2S6IgC_iVdLabQvLhimWuXtPBcNhFMz-E1mYlm6rTSODIGw-mNjk4-oWPbCYZeYj__por_D8zaqzrPLVnWXSH1zvyH8C30PSjhSIuH6Fq7i0"}
2024-10-29T00:58:02.337Z [NODE_PROJECT] info: ######################
2024-10-29T00:58:02.337Z [NODE_PROJECT] info: 
2024-10-29T07:00:34.457Z [NODE_PROJECT] info: Hello world!
2024-10-29T07:00:55.428Z [NODE_PROJECT] info: ### AUTODOORA[200] ###
2024-10-29T07:00:55.428Z [NODE_PROJECT] info: resModel :: {"success":true,"message":"projects/autodoora/messages/0:1730185255349530%dce70beadce70bea","value":"ejwGla0oQVmik6Tx99subi:APA91bEQgRzg-uLiH2h-4Kcq7XRmbBwFA7eL-nV35203Kagc02Wb_ade82gcEo_4G88Gl3KG8iFZu0RzPqct8rq-BMhR_IyNC84kVMTpQR2CL9T6Yds3tso"}
2024-10-29T07:00:55.429Z [NODE_PROJECT] info: ######################
2024-10-29T07:00:55.429Z [NODE_PROJECT] info: 
2024-10-29T09:45:25.379Z [NODE_PROJECT] info: Hello world!
2024-10-29T09:45:29.360Z [NODE_PROJECT] info: ### AUTODOORA[200] ###
2024-10-29T09:45:29.361Z [NODE_PROJECT] info: resModel :: {"success":true,"message":"projects/autodoora/messages/1730195129076497","value":"cwL1ayQxS0MSjUW2rDJuld:APA91bGgShnvv4o83A4oFYCqyql1wIMyBe7_sfbGU9JwGoX2uIMmA7LGWOq5caXyY1yxfRrUhJ23YaoZ9UcqWI9DexO9ikJBax3uL4JZrU03lDaJVX0GvDA"}
2024-10-29T09:45:29.361Z [NODE_PROJECT] info: ######################
2024-10-29T09:45:29.361Z [NODE_PROJECT] info: 
